1541246854693	mozrunner::runner	INFO	Running command: "/usr/bin/firefox" "-marionette" "-foreground" "-no-remote" "-profile" "/tmp/rust_mozprofile.ZKd4EjjK4cU0"
1541246855868	Marionette	INFO	Listening on port 44424
1541246855901	Marionette	WARN	TLS certificate errors will be ignored for this session
1541246856964	mozrunner::runner	INFO	Running command: "/usr/bin/firefox" "-marionette" "-foreground" "-no-remote" "-profile" "/tmp/rust_mozprofile.pxL8UX3YzR4v"
1541246858199	Marionette	INFO	Listening on port 44246
1541246858270	Marionette	WARN	TLS certificate errors will be ignored for this session
[Parent 21152, Gecko_IOThread] WARNING: pipe error (64): Connection reset by peer: file /build/firefox-j7tNrI/firefox-63.0+build2/ipc/chromium/src/chrome/common/ipc_channel_posix.cc, line 356
[Parent 21152, Gecko_IOThread] WARNING: pipe error (77): Connection reset by peer: file /build/firefox-j7tNrI/firefox-63.0+build2/ipc/chromium/src/chrome/common/ipc_channel_posix.cc, line 356
1541246882818	Marionette	INFO	Stopped listening on port 44424
JavaScript warning: https://www.googletagmanager.com/gtag/js?id=AW-817714641, line 83: unreachable code after return statement
JavaScript warning: https://www.googletagmanager.com/gtag/js?id=AW-817714641, line 143: unreachable code after return statement
JavaScript warning: https://www.googletagmanager.com/gtag/js?id=AW-817714641, line 143: unreachable code after return statement
JavaScript warning: https://www.googletagmanager.com/gtag/js?id=AW-817714641, line 143: unreachable code after return statement
JavaScript warning: https://www.googletagmanager.com/gtag/js?id=AW-817714641, line 83: unreachable code after return statement
JavaScript warning: https://www.googletagmanager.com/gtag/js?id=AW-817714641, line 143: unreachable code after return statement

###!!! [Child][MessageChannel] Error: (msgtype=0x4C0010,name=PHttpChannel::Msg___delete__) Channel closing: too late to send/recv, messages will be lost


###!!! [Child][MessageChannel] Error: (msgtype=0x580027,name=PNecko::Msg_RemoveRequestContext) Channel closing: too late to send/recv, messages will be lost

[Child 21551, Chrome_ChildThread] WARNING: pipe error (3): Connection reset by peer: file /build/firefox-j7tNrI/firefox-63.0+build2/ipc/chromium/src/chrome/common/ipc_channel_posix.cc, line 356

###!!! [Child][RunMessage] Error: Channel closing: too late to send/recv, messages will be lost

[Parent 21407, Gecko_IOThread] WARNING: pipe error (77): Connection reset by peer: file /build/firefox-j7tNrI/firefox-63.0+build2/ipc/chromium/src/chrome/common/ipc_channel_posix.cc, line 356
[Parent 21407, Gecko_IOThread] WARNING: pipe error (64): Connection reset by peer: file /build/firefox-j7tNrI/firefox-63.0+build2/ipc/chromium/src/chrome/common/ipc_channel_posix.cc, line 356
1541247154371	Marionette	INFO	Stopped listening on port 44246
1541247178021	mozrunner::runner	INFO	Running command: "/usr/bin/firefox" "-marionette" "-foreground" "-no-remote" "-profile" "/tmp/rust_mozprofile.h2GLwZ3wI0XP"
1541247179201	Marionette	INFO	Listening on port 38706
1541247179226	Marionette	WARN	TLS certificate errors will be ignored for this session
JavaScript warning: https://www.googletagmanager.com/gtag/js?id=AW-817714641, line 83: unreachable code after return statement
JavaScript warning: https://www.googletagmanager.com/gtag/js?id=AW-817714641, line 143: unreachable code after return statement
JavaScript warning: https://www.googletagmanager.com/gtag/js?id=AW-817714641, line 143: unreachable code after return statement
JavaScript warning: https://www.googletagmanager.com/gtag/js?id=AW-817714641, line 143: unreachable code after return statement
JavaScript warning: https://www.googletagmanager.com/gtag/js?id=AW-817714641, line 83: unreachable code after return statement
JavaScript warning: https://www.googletagmanager.com/gtag/js?id=AW-817714641, line 143: unreachable code after return statement
JavaScript warning: https://www.googletagmanager.com/gtag/js?id=AW-817714641, line 83: unreachable code after return statement
JavaScript warning: https://www.googletagmanager.com/gtag/js?id=AW-817714641, line 143: unreachable code after return statement
JavaScript warning: https://www.googletagmanager.com/gtag/js?id=AW-817714641, line 143: unreachable code after return statement
JavaScript warning: https://www.googletagmanager.com/gtag/js?id=AW-817714641, line 143: unreachable code after return statement
JavaScript warning: https://www.googletagmanager.com/gtag/js?id=AW-817714641, line 83: unreachable code after return statement
JavaScript warning: https://www.googletagmanager.com/gtag/js?id=AW-817714641, line 143: unreachable code after return statement
1541249080136	Marionette	INFO	Stopped listening on port 38706
[Parent 21998, Gecko_IOThread] WARNING: pipe error (64): Connection reset by peer: file /build/firefox-j7tNrI/firefox-63.0+build2/ipc/chromium/src/chrome/common/ipc_channel_posix.cc, line 356
[Parent 21998, Gecko_IOThread] WARNING: pipe error (77): Connection reset by peer: file /build/firefox-j7tNrI/firefox-63.0+build2/ipc/chromium/src/chrome/common/ipc_channel_posix.cc, line 356
1541249104918	mozrunner::runner	INFO	Running command: "/usr/bin/firefox" "-marionette" "-foreground" "-no-remote" "-profile" "/tmp/rust_mozprofile.hu3euQ7syBn3"
1541249106089	Marionette	INFO	Listening on port 46437
1541249106127	Marionette	WARN	TLS certificate errors will be ignored for this session
JavaScript warning: https://www.googletagmanager.com/gtag/js?id=AW-817714641, line 83: unreachable code after return statement
JavaScript warning: https://www.googletagmanager.com/gtag/js?id=AW-817714641, line 143: unreachable code after return statement
JavaScript warning: https://www.googletagmanager.com/gtag/js?id=AW-817714641, line 143: unreachable code after return statement
JavaScript warning: https://www.googletagmanager.com/gtag/js?id=AW-817714641, line 143: unreachable code after return statement
JavaScript warning: https://www.googletagmanager.com/gtag/js?id=AW-817714641, line 83: unreachable code after return statement
JavaScript warning: https://www.googletagmanager.com/gtag/js?id=AW-817714641, line 143: unreachable code after return statement
1541250083180	Marionette	INFO	Stopped listening on port 46437
